/usr/local/bin/start.sh: 1: /usr/local/bin/start.sh: : not found
bash: /usr/local/bin/random_cmd_1.sh: No such file or directory
go to /home
mkdir: cannot create directory '845892705': File exists
go to 845892705
create file 472518532.txt
sleep for 5 second(s)
rename 472518532.txt to ren_472518532.txt
sleep for 5 second(s)
remove ren_472518532.txt
sleep for 5 second(s)
create file 609337171.txt
/usr/local/bin/start.sh: 1: /usr/local/bin/start.sh: : not found
bash: /usr/local/bin/random_cmd_1.sh: No such file or directory
go to /home
mkdir: cannot create directory '845892705': File exists
go to 845892705
create file 472518532.txt
sleep for 5 second(s)
remove 609337171.txt
sleep for 5 second(s)
rename 472518532.txt to ren_472518532.txt
sleep for 5 second(s)
create file 216489498.txt
sleep for 5 second(s)
remove ren_472518532.txt
sleep for 5 second(s)
copy 216489498.txt to copy_of_216489498.txt
sleep for 5 second(s)
create file 609337171.txt
sleep for 5 second(s)
remove copy_of_216489498.txt
sleep for 5 second(s)
remove 609337171.txt
sleep for 5 second(s)
create file 673703013.txt
sleep for 5 second(s)
create file 216489498.txt
sleep for 5 second(s)
modify file 673703013.txt
sleep for 5 second(s)
copy 216489498.txt to copy_of_216489498.txt
sleep for 5 second(s)
remove 673703013.txt
sleep for 5 second(s)
remove copy_of_216489498.txt
/usr/local/bin/start.sh: 1: /usr/local/bin/start.sh: : not found
bash: /usr/local/bin/random_cmd_1.sh: No such file or directory
go to /home
mkdir: cannot create directory '845892705': File exists
go to 845892705
create file 472518532.txt
sleep for 5 second(s)
create file 917091239.txt
sleep for 5 second(s)
create file 673703013.txt
sleep for 5 second(s)
rename 472518532.txt to ren_472518532.txt
sleep for 5 second(s)
sleep for 5 second(s)
modify file 673703013.txt
sleep for 5 second(s)
remove ren_472518532.txt
sleep for 5 second(s)
remove 673703013.txt
sleep for 5 second(s)
create file 609337171.txt
sleep for 5 second(s)
create file 917091239.txt
sleep for 5 second(s)
remove 609337171.txt
sleep for 5 second(s)
sleep for 5 second(s)
create file 216489498.txt
sleep for 5 second(s)
copy 216489498.txt to copy_of_216489498.txt
sleep for 5 second(s)
remove copy_of_216489498.txt
sleep for 5 second(s)
create file 673703013.txt
sleep for 5 second(s)
modify file 673703013.txt
sleep for 5 second(s)
remove 673703013.txt
sleep for 5 second(s)
create file 917091239.txt
sleep for 5 second(s)
/usr/local/bin/start.sh: 1: /usr/local/bin/start.sh: : not found
bash: /usr/local/bin/random_cmd_1.sh: No such file or directory
go to /home
mkdir: cannot create directory '845892705': File exists
go to 845892705
create file 472518532.txt
sleep for 5 second(s)
rename 472518532.txt to ren_472518532.txt
sleep for 5 second(s)
remove ren_472518532.txt
sleep for 5 second(s)
create file 609337171.txt
sleep for 5 second(s)
remove 609337171.txt
sleep for 5 second(s)
create file 216489498.txt
sleep for 5 second(s)
copy 216489498.txt to copy_of_216489498.txt
sleep for 5 second(s)
remove copy_of_216489498.txt
sleep for 5 second(s)
create file 673703013.txt
sleep for 5 second(s)
modify file 673703013.txt
sleep for 5 second(s)
remove 673703013.txt
sleep for 5 second(s)
create file 917091239.txt
sleep for 5 second(s)
/usr/local/bin/start.sh: 1: /usr/local/bin/start.sh: : not found
bash: /usr/local/bin/random_cmd_1.sh: No such file or directory
go to /home
mkdir: cannot create directory '845892705': File exists
go to 845892705
create file 472518532.txt
sleep for 5 second(s)
rename 472518532.txt to ren_472518532.txt
sleep for 5 second(s)
remove ren_472518532.txt
sleep for 5 second(s)
create file 609337171.txt
sleep for 5 second(s)
remove 609337171.txt
sleep for 5 second(s)
create file 216489498.txt
sleep for 5 second(s)
copy 216489498.txt to copy_of_216489498.txt
sleep for 5 second(s)
remove copy_of_216489498.txt
sleep for 5 second(s)
create file 673703013.txt
sleep for 5 second(s)
modify file 673703013.txt
sleep for 5 second(s)
remove 673703013.txt
sleep for 5 second(s)
create file 917091239.txt
sleep for 5 second(s)
/usr/local/bin/start.sh: 1: /usr/local/bin/start.sh: : not found
bash: /usr/local/bin/random_cmd_1.sh: No such file or directory
go to /home
mkdir: cannot create directory '845892705': File exists
go to 845892705
create file 472518532.txt
sleep for 5 second(s)
rename 472518532.txt to ren_472518532.txt
sleep for 5 second(s)
remove ren_472518532.txt
sleep for 5 second(s)
create file 609337171.txt
sleep for 5 second(s)
remove 609337171.txt
sleep for 5 second(s)
create file 216489498.txt
sleep for 5 second(s)
copy 216489498.txt to copy_of_216489498.txt
sleep for 5 second(s)
remove copy_of_216489498.txt
sleep for 5 second(s)
create file 673703013.txt
sleep for 5 second(s)
modify file 673703013.txt
sleep for 5 second(s)
remove 673703013.txt
sleep for 5 second(s)
create file 917091239.txt
sleep for 5 second(s)
bash: /usr/local/bin/random_cmd_1.sh: No such file or directory
bash: /usr/local/bin/random_cmd_2.sh: No such file or directory
